0 info it worked if it ends with ok
1 verbose cli [ '/home/ubuntu/.nvm/versions/node/v6.11.2/bin/node',
1 verbose cli   '/home/ubuntu/.nvm/versions/node/v6.11.2/bin/npm',
1 verbose cli   'i',
1 verbose cli   'startbootstrap-agency' ]
2 info using npm@3.10.10
3 info using node@v6.11.2
4 silly loadCurrentTree Starting
5 silly install loadCurrentTree
6 silly install readLocalPackageData
7 silly fetchPackageMetaData startbootstrap-agency
8 silly fetchNamedPackageData startbootstrap-agency
9 silly mapToRegistry name startbootstrap-agency
10 silly mapToRegistry using default registry
11 silly mapToRegistry registry https://registry.npmjs.org/
12 silly mapToRegistry data Result {
12 silly mapToRegistry   raw: 'startbootstrap-agency',
12 silly mapToRegistry   scope: null,
12 silly mapToRegistry   escapedName: 'startbootstrap-agency',
12 silly mapToRegistry   name: 'startbootstrap-agency',
12 silly mapToRegistry   rawSpec: '',
12 silly mapToRegistry   spec: 'latest',
12 silly mapToRegistry   type: 'tag' }
13 silly mapToRegistry uri https://registry.npmjs.org/startbootstrap-agency
14 verbose request uri https://registry.npmjs.org/startbootstrap-agency
15 verbose request no auth needed
16 info attempt registry request try #1 at 4:59:37 PM
17 verbose request id f8efe9bf9585dfcb
18 http request GET https://registry.npmjs.org/startbootstrap-agency
19 http 200 https://registry.npmjs.org/startbootstrap-agency
20 verbose headers { date: 'Thu, 21 Jun 2018 16:59:37 GMT',
20 verbose headers   'content-type': 'application/json; charset=UTF-8',
20 verbose headers   'transfer-encoding': 'chunked',
20 verbose headers   connection: 'keep-alive',
20 verbose headers   'set-cookie': [ '__cfduid=da06313f8ec6c9b004f187b9a25a8426e1529600377; expires=Fri, 21-Jun-19 16:59:37 GMT; path=/; domain=.registry.npmjs.org; HttpOnly' ],
20 verbose headers   'cache-control': 'max-age=300',
20 verbose headers   'cf-cache-status': 'REVALIDATED',
20 verbose headers   'cf-ray': '42e806d5cf8cb771-CDG',
20 verbose headers   etag: 'W/"3b0db93e4c60b0af902fcc8fa10cf474"',
20 verbose headers   'expect-ct': 'max-age=604800, report-uri="https://report-uri.cloudflare.com/cdn-cgi/beacon/expect-ct"',
20 verbose headers   'last-modified': 'Sun, 27 May 2018 18:11:36 GMT',
20 verbose headers   vary: 'accept-encoding, accept',
20 verbose headers   server: 'cloudflare',
20 verbose headers   'content-encoding': 'gzip' }
21 silly get cb [ 200,
21 silly get   { date: 'Thu, 21 Jun 2018 16:59:37 GMT',
21 silly get     'content-type': 'application/json; charset=UTF-8',
21 silly get     'transfer-encoding': 'chunked',
21 silly get     connection: 'keep-alive',
21 silly get     'set-cookie': [ '__cfduid=da06313f8ec6c9b004f187b9a25a8426e1529600377; expires=Fri, 21-Jun-19 16:59:37 GMT; path=/; domain=.registry.npmjs.org; HttpOnly' ],
21 silly get     'cache-control': 'max-age=300',
21 silly get     'cf-cache-status': 'REVALIDATED',
21 silly get     'cf-ray': '42e806d5cf8cb771-CDG',
21 silly get     etag: 'W/"3b0db93e4c60b0af902fcc8fa10cf474"',
21 silly get     'expect-ct': 'max-age=604800, report-uri="https://report-uri.cloudflare.com/cdn-cgi/beacon/expect-ct"',
21 silly get     'last-modified': 'Sun, 27 May 2018 18:11:36 GMT',
21 silly get     vary: 'accept-encoding, accept',
21 silly get     server: 'cloudflare',
21 silly get     'content-encoding': 'gzip' } ]
22 verbose get saving startbootstrap-agency to /home/ubuntu/.npm/registry.npmjs.org/startbootstrap-agency/.cache.json
23 verbose correctMkdir /home/ubuntu/.npm correctMkdir not in flight; initializing
24 verbose makeDirectory /home/ubuntu/.npm creation not in flight; initializing
25 silly makeDirectory /home/ubuntu/.npm uid: 1000 gid: 1000
26 silly install normalizeTree
27 silly loadCurrentTree Finishing
28 silly loadIdealTree Starting
29 silly install loadIdealTree
30 silly cloneCurrentTree Starting
31 silly install cloneCurrentTreeToIdealTree
32 silly cloneCurrentTree Finishing
33 silly loadShrinkwrap Starting
34 silly install loadShrinkwrap
35 silly loadShrinkwrap Finishing
36 silly loadAllDepsIntoIdealTree Starting
37 silly install loadAllDepsIntoIdealTree
38 silly rollbackFailedOptional Starting
39 silly rollbackFailedOptional Finishing
40 silly runTopLevelLifecycles Finishing
41 silly install printInstalled
42 verbose stack Error: Refusing to install startbootstrap-agency as a dependency of itself
42 verbose stack     at checkSelf (/home/ubuntu/.nvm/versions/node/v6.11.2/lib/node_modules/npm/lib/install/validate-args.js:53:14)
42 verbose stack     at Array.<anonymous> (/home/ubuntu/.nvm/versions/node/v6.11.2/lib/node_modules/npm/node_modules/slide/lib/bind-actor.js:15:8)
42 verbose stack     at LOOP (/home/ubuntu/.nvm/versions/node/v6.11.2/lib/node_modules/npm/node_modules/slide/lib/chain.js:15:14)
42 verbose stack     at chain (/home/ubuntu/.nvm/versions/node/v6.11.2/lib/node_modules/npm/node_modules/slide/lib/chain.js:20:5)
42 verbose stack     at /home/ubuntu/.nvm/versions/node/v6.11.2/lib/node_modules/npm/lib/install/validate-args.js:16:5
42 verbose stack     at /home/ubuntu/.nvm/versions/node/v6.11.2/lib/node_modules/npm/node_modules/slide/lib/async-map.js:52:35
42 verbose stack     at Array.forEach (native)
42 verbose stack     at /home/ubuntu/.nvm/versions/node/v6.11.2/lib/node_modules/npm/node_modules/slide/lib/async-map.js:52:11
42 verbose stack     at Array.forEach (native)
42 verbose stack     at asyncMap (/home/ubuntu/.nvm/versions/node/v6.11.2/lib/node_modules/npm/node_modules/slide/lib/async-map.js:51:8)
43 verbose cwd /home/ubuntu/workspace
44 error Linux 4.9.80-c9
45 error argv "/home/ubuntu/.nvm/versions/node/v6.11.2/bin/node" "/home/ubuntu/.nvm/versions/node/v6.11.2/bin/npm" "i" "startbootstrap-agency"
46 error node v6.11.2
47 error npm  v3.10.10
48 error code ENOSELF
49 error Refusing to install startbootstrap-agency as a dependency of itself
50 error If you need help, you may report this error at:
50 error     <https://github.com/npm/npm/issues>
51 verbose exit [ 1, true ]
